<?xml version="1.0" encoding="UTF-8"?>
<!-- Generated by org.testng.reporters.JUnitReportReporter -->
<testsuite skipped="0" hostname="LAPTOP-RPHCVH4A" name="com.sdfc.qa.testcases.ContactsTestPage" tests="1" failures="0" timestamp="2020-07-06T11:23:13 MDT" time="14.968" errors="0">
  <testcase name="SetUp" time="14.968" classname="com.sdfc.qa.testcases.ContactsTestPage"/>
</testsuite> <!-- com.sdfc.qa.testcases.ContactsTestPage -->
