<?xml version="1.0" encoding="UTF-8"?>
<!-- Generated by org.testng.reporters.JUnitReportReporter -->
<testsuite skipped="0" hostname="LAPTOP-RPHCVH4A" name="com.sdfc.qa.testcases.LoginPageTest" tests="1" failures="0" timestamp="2020-09-01T09:49:49 MDT" time="3.460" errors="0">
  <testcase name="LoginToSDFC" time="3.460" classname="com.sdfc.qa.testcases.LoginPageTest"/>
</testsuite> <!-- com.sdfc.qa.testcases.LoginPageTest -->
