<?xml version="1.0" encoding="UTF-8"?>
<!-- Generated by org.testng.reporters.JUnitReportReporter -->
<testsuite skipped="0" hostname="LAPTOP-RPHCVH4A" name="com.sdfc.qa.testcases.HomePageTest" tests="3" failures="0" timestamp="2020-08-24T11:16:43 MDT" time="14.948" errors="0">
  <testcase name="VerifyDropDown" time="13.485" classname="com.sdfc.qa.testcases.HomePageTest"/>
  <testcase name="validateHomePageTitleTest" time="0.022" classname="com.sdfc.qa.testcases.HomePageTest"/>
  <testcase name="ValidateUserName" time="1.441" classname="com.sdfc.qa.testcases.HomePageTest"/>
</testsuite> <!-- com.sdfc.qa.testcases.HomePageTest -->
