<?xml version="1.0" encoding="UTF-8"?>
<!-- Generated by org.testng.reporters.JUnitReportReporter -->
<testsuite skipped="0" hostname="LAPTOP-RPHCVH4A" name="com.sdfc.qa.testcases.HomePageTest" tests="3" failures="0" timestamp="2020-08-31T08:54:38 MDT" time="10.476" errors="0">
  <testcase name="validateHomePageTitleTest" time="0.072" classname="com.sdfc.qa.testcases.HomePageTest"/>
  <testcase name="VerifyDropDown" time="10.197" classname="com.sdfc.qa.testcases.HomePageTest"/>
  <testcase name="ValidateUserName" time="0.207" classname="com.sdfc.qa.testcases.HomePageTest"/>
</testsuite> <!-- com.sdfc.qa.testcases.HomePageTest -->
