<?xml version="1.0" encoding="UTF-8"?>
<!-- Generated by org.testng.reporters.JUnitReportReporter -->
<testsuite skipped="0" hostname="LAPTOP-RPHCVH4A" name="com.sdfc.qa.testcases.SettingPageTest" tests="1" failures="0" timestamp="2020-08-08T18:42:48 MDT" time="1.740" errors="0">
  <testcase name="Select_Display_Layout" time="1.740" classname="com.sdfc.qa.testcases.SettingPageTest"/>
</testsuite> <!-- com.sdfc.qa.testcases.SettingPageTest -->
