<?xml version="1.0" encoding="UTF-8"?>
<!-- Generated by org.testng.reporters.JUnitReportReporter -->
<testsuite skipped="0" hostname="LAPTOP-RPHCVH4A" name="Tests.SDFC_Login_Page_Test" tests="1" failures="0" timestamp="2020-06-19T09:53:27 MDT" time="21.229" errors="0">
  <testcase name="LoginToSDFC" time="21.229" classname="Tests.SDFC_Login_Page_Test"/>
</testsuite> <!-- Tests.SDFC_Login_Page_Test -->
