<?xml version="1.0" encoding="UTF-8"?>
<!-- Generated by org.testng.reporters.JUnitReportReporter -->
<testsuite skipped="0" hostname="LAPTOP-RPHCVH4A" name="com.sdfc.qa.util.TestCaseUtil" tests="3" failures="0" timestamp="2020-07-22T07:17:37 MDT" time="6.230" errors="0">
  <testcase name="test" time="2.075" classname="com.sdfc.qa.util.TestCaseUtil"/>
  <testcase name="test" time="2.084" classname="com.sdfc.qa.util.TestCaseUtil"/>
  <testcase name="test" time="2.071" classname="com.sdfc.qa.util.TestCaseUtil"/>
</testsuite> <!-- com.sdfc.qa.util.TestCaseUtil -->
