<?xml version="1.0" encoding="UTF-8"?>
<!-- Generated by org.testng.reporters.JUnitReportReporter -->
<testsuite skipped="0" hostname="LAPTOP-RPHCVH4A" name="com.sdfc.qa.testcases.ProfilePageTest" tests="2" failures="0" timestamp="2020-08-06T08:52:34 MDT" time="7.490" errors="0">
  <testcase name="UploadChosenFile" time="1.299" classname="com.sdfc.qa.testcases.ProfilePageTest"/>
  <testcase name="EditPf" time="6.191" classname="com.sdfc.qa.testcases.ProfilePageTest"/>
</testsuite> <!-- com.sdfc.qa.testcases.ProfilePageTest -->
