<?xml version="1.0" encoding="UTF-8"?>
<!-- Generated by org.testng.reporters.JUnitReportReporter -->
<testsuite skipped="0" hostname="LAPTOP-RPHCVH4A" name="com.sdfc.qa.testcases.LoginPageTest" tests="1" failures="0" timestamp="2020-08-08T18:42:48 MDT" time="6.020" errors="0">
  <testcase name="LoginToSDFC" time="6.020" classname="com.sdfc.qa.testcases.LoginPageTest"/>
</testsuite> <!-- com.sdfc.qa.testcases.LoginPageTest -->
