<?xml version="1.0" encoding="UTF-8"?>
<!-- Generated by org.testng.reporters.JUnitReportReporter -->
<testsuite skipped="0" hostname="LAPTOP-RPHCVH4A" name="com.sdfc.qa.testcases.HomePageTest" tests="3" failures="0" timestamp="2020-08-08T18:42:48 MDT" time="11.391" errors="0">
  <testcase name="ValidateUserName" time="0.034" classname="com.sdfc.qa.testcases.HomePageTest"/>
  <testcase name="validateHomePageTitleTest" time="0.017" classname="com.sdfc.qa.testcases.HomePageTest"/>
  <testcase name="VerifyDropDown" time="11.340" classname="com.sdfc.qa.testcases.HomePageTest"/>
</testsuite> <!-- com.sdfc.qa.testcases.HomePageTest -->
