<?xml version="1.0" encoding="UTF-8"?>
<!-- Generated by org.testng.reporters.JUnitReportReporter -->
<testsuite skipped="0" hostname="LAPTOP-RPHCVH4A" name="com.sdfc.qa.testcases.LoginPageTest" tests="1" failures="0" timestamp="2020-09-02T12:05:06 MDT" time="4.559" errors="0">
  <testcase name="LoginToSDFC" time="4.559" classname="com.sdfc.qa.testcases.LoginPageTest"/>
  <system-out/>
</testsuite> <!-- com.sdfc.qa.testcases.LoginPageTest -->
